None = b'N' (1) = None
True = b'T' (1) = True
False = b'F' (1) = False
0 = b'b\x00' (2) = 0
127 = b'b\x7f' (2) = 127
128 = b'h\x80\x00' (3) = 128
32767 = b'h\xff\x7f' (3) = 32767
32768 = b'i\x00\x80\x00\x00' (5) = 32768
2147483647 = b'i\xff\xff\xff\x7f' (5) = 2147483647
2147483648 = b'q\x00\x00\x00\x80\x00\x00\x00\x00' (9) = 2147483648
9223372036854775807 = b'q\xff\xff\xff\xff\xff\xff\xff\x7f' (9) = 9223372036854775807
9223372036854775808 = b'I\t\x00\x00\x00\x00\x00\x00\x00\x80\x00' (11) = 9223372036854775808
170141183460469231731687303715884105727 = b'I\x10\xff\xff\xff\xff\xff\xff\xff\xff\xff\xff\xff\xff\xff\xff\xff\x7f' (18) = 170141183460469231731687303715884105727
-1 = b'b\xff' (2) = -1
-128 = b'b\x80' (2) = -128
-129 = b'h\x7f\xff' (3) = -129
-32768 = b'h\x00\x80' (3) = -32768
-32769 = b'i\xff\x7f\xff\xff' (5) = -32769
-2147483648 = b'i\x00\x00\x00\x80' (5) = -2147483648
-2147483649 = b'q\xff\xff\xff\x7f\xff\xff\xff\xff' (9) = -2147483649
-9223372036854775808 = b'q\x00\x00\x00\x00\x00\x00\x00\x80' (9) = -9223372036854775808
-9223372036854775809 = b'I\t\xff\xff\xff\xff\xff\xff\xff\x7f\xff' (11) = -9223372036854775809
-170141183460469231731687303715884105728 = b'I\x10\x00\x00\x00\x00\x00\x00\x00\x00\x00\x00\x00\x00\x00\x00\x00\x80' (18) = -170141183460469231731687303715884105728
3.141521 = b'd\xe6\x93\x15\xc3\xd5!\t@' (9) = 3.141521
(1.2+3.4j) = b'C333333\xf3?333333\x0b@' (17) = (1.2+3.4j)
b'' = b'0S' (2) = b''
b'a' = b'Sa' (2) = b'a'
b'ab' = b'2Sab' (4) = b'ab'
 = b'0U' (2) = 
u = b'Uu' (2) = u
uc = b'2Uuc' (4) = uc
slice(1, 4.5, None) = b':b\x01d\x00\x00\x00\x00\x00\x00\x12@N' (13) = slice(1, 4.5, None)
() = b'()' (2) = ()
(None, True, 1, 0.1) = b'(NTb\x01d\x9a\x99\x99\x99\x99\x99\xb9?)' (15) = (None, True, 1, 0.1)
[None, True, 1, 0.1] = b'[NTb\x01d\x9a\x99\x99\x99\x99\x99\xb9?]' (15) = [None, True, 1, 0.1]
{0.1, True, None} = b'<d\x9a\x99\x99\x99\x99\x99\xb9?NT>' (13) = {0.1, True, None}
{1: 0.1, None: True} = b'{b\x01Nd\x9a\x99\x99\x99\x99\x99\xb9?T}' (15) = {1: 0.1, None: True}
(1, [2, {3, ()}, set()], []) = b'(b\x01[b\x02<()b\x03><>][])' (18) = (1, [2, {(), 3}, set()], [])
[True, True, True, True, True, True, True] = b'[7T]' (4) = [True, True, True, True, True, True, True]
[False, False, False, False, False, False, False] = b'[7F]' (4) = [False, False, False, False, False, False, False]
[1, 1, 1, 1, 1, 1, 1] = b'[7b\x01\x01\x01\x01\x01\x01\x01]' (11) = [1, 1, 1, 1, 1, 1, 1]
[340282366920938463463374607431768211456, 340282366920938463463374607431768211456, 340282366920938463463374607431768211456, 340282366920938463463374607431768211456, 340282366920938463463374607431768211456, 340282366920938463463374607431768211456, 340282366920938463463374607431768211456] = b'[7I\x11\x00\x00\x00\x00\x00\x00\x00\x00\x00\x00\x00\x00\x00\x00\x00\x00\x01\x11\x00\x00\x00\x00\x00\x00\x00\x00\x00\x00\x00\x00\x00\x00\x00\x00\x01\x11\x00\x00\x00\x00\x00\x00\x00\x00\x00\x00\x00\x00\x00\x00\x00\x00\x01\x11\x00\x00\x00\x00\x00\x00\x00\x00\x00\x00\x00\x00\x00\x00\x00\x00\x01\x11\x00\x00\x00\x00\x00\x00\x00\x00\x00\x00\x00\x00\x00\x00\x00\x00\x01\x11\x00\x00\x00\x00\x00\x00\x00\x00\x00\x00\x00\x00\x00\x00\x00\x00\x01\x11\x00\x00\x00\x00\x00\x00\x00\x00\x00\x00\x00\x00\x00\x00\x00\x00\x01]' (130) = [340282366920938463463374607431768211456, 340282366920938463463374607431768211456, 340282366920938463463374607431768211456, 340282366920938463463374607431768211456, 340282366920938463463374607431768211456, 340282366920938463463374607431768211456, 340282366920938463463374607431768211456]
[215490262910967673758931671039474742255869903130664096095490679372321540818586339332403505403867981171242585731880190317164602090317566037956614910111734772463182549766490843349399546742921295690920418961595254303614298906602658380573002061837184661164941865011752776090082869394059418002192241171369962627480888241057294824199961602151398978329759104052374542826615433500631505167917888316683761801219453499089586950569683659522996957876229974573819212149786729512650887507688833773653127891874989653431135804164646913302689349652535290575304730357436772961468319622086628889493987144735536081744893749225911636601337636852054347868033038991522175618592080036986772118837143486322924027095253306541931198045968050251415431016902184963760860076918334511616991083783532328510945704239200398396467163065767816797143047573035158659529771719489662746795396038656, 215490262910967673758931671039474742255869903130664096095490679372321540818586339332403505403867981171242585731880190317164602090317566037956614910111734772463182549766490843349399546742921295690920418961595254303614298906602658380573002061837184661164941865011752776090082869394059418002192241171369962627480888241057294824199961602151398978329759104052374542826615433500631505167917888316683761801219453499089586950569683659522996957876229974573819212149786729512650887507688833773653127891874989653431135804164646913302689349652535290575304730357436772961468319622086628889493987144735536081744893749225911636601337636852054347868033038991522175618592080036986772118837143486322924027095253306541931198045968050251415431016902184963760860076918334511616991083783532328510945704239200398396467163065767816797143047573035158659529771719489662746795396038656, 215490262910967673758931671039474742255869903130664096095490679372321540818586339332403505403867981171242585731880190317164602090317566037956614910111734772463182549766490843349399546742921295690920418961595254303614298906602658380573002061837184661164941865011752776090082869394059418002192241171369962627480888241057294824199961602151398978329759104052374542826615433500631505167917888316683761801219453499089586950569683659522996957876229974573819212149786729512650887507688833773653127891874989653431135804164646913302689349652535290575304730357436772961468319622086628889493987144735536081744893749225911636601337636852054347868033038991522175618592080036986772118837143486322924027095253306541931198045968050251415431016902184963760860076918334511616991083783532328510945704239200398396467163065767816797143047573035158659529771719489662746795396038656, 215490262910967673758931671039474742255869903130664096095490679372321540818586339332403505403867981171242585731880190317164602090317566037956614910111734772463182549766490843349399546742921295690920418961595254303614298906602658380573002061837184661164941865011752776090082869394059418002192241171369962627480888241057294824199961602151398978329759104052374542826615433500631505167917888316683761801219453499089586950569683659522996957876229974573819212149786729512650887507688833773653127891874989653431135804164646913302689349652535290575304730357436772961468319622086628889493987144735536081744893749225911636601337636852054347868033038991522175618592080036986772118837143486322924027095253306541931198045968050251415431016902184963760860076918334511616991083783532328510945704239200398396467163065767816797143047573035158659529771719489662746795396038656, 215490262910967673758931671039474742255869903130664096095490679372321540818586339332403505403867981171242585731880190317164602090317566037956614910111734772463182549766490843349399546742921295690920418961595254303614298906602658380573002061837184661164941865011752776090082869394059418002192241171369962627480888241057294824199961602151398978329759104052374542826615433500631505167917888316683761801219453499089586950569683659522996957876229974573819212149786729512650887507688833773653127891874989653431135804164646913302689349652535290575304730357436772961468319622086628889493987144735536081744893749225911636601337636852054347868033038991522175618592080036986772118837143486322924027095253306541931198045968050251415431016902184963760860076918334511616991083783532328510945704239200398396467163065767816797143047573035158659529771719489662746795396038656, 215490262910967673758931671039474742255869903130664096095490679372321540818586339332403505403867981171242585731880190317164602090317566037956614910111734772463182549766490843349399546742921295690920418961595254303614298906602658380573002061837184661164941865011752776090082869394059418002192241171369962627480888241057294824199961602151398978329759104052374542826615433500631505167917888316683761801219453499089586950569683659522996957876229974573819212149786729512650887507688833773653127891874989653431135804164646913302689349652535290575304730357436772961468319622086628889493987144735536081744893749225911636601337636852054347868033038991522175618592080036986772118837143486322924027095253306541931198045968050251415431016902184963760860076918334511616991083783532328510945704239200398396467163065767816797143047573035158659529771719489662746795396038656, 215490262910967673758931671039474742255869903130664096095490679372321540818586339332403505403867981171242585731880190317164602090317566037956614910111734772463182549766490843349399546742921295690920418961595254303614298906602658380573002061837184661164941865011752776090082869394059418002192241171369962627480888241057294824199961602151398978329759104052374542826615433500631505167917888316683761801219453499089586950569683659522996957876229974573819212149786729512650887507688833773653127891874989653431135804164646913302689349652535290575304730357436772961468319622086628889493987144735536081744893749225911636601337636852054347868033038991522175618592080036986772118837143486322924027095253306541931198045968050251415431016902184963760860076918334511616991083783532328510945704239200398396467163065767816797143047573035158659529771719489662746795396038656] = b'[7Je\x01\x00\x00\x00\x00\x00\x00\x00\x00\x00\x00\x00\x00\x00\x00\x00\x00\x00\x00\x00\x00\x00\x00\x00\x00\x00\x00\x00\x00\x00\x00\x00\x00\x00\x00\x00\x00\x00\x00\x00\x00\x00\x00\x00\x00\x00\x00\x00\x00\x00\x00\x00\x00\x00\x00\x00\x00\x00\x00\x00\x00\x00\x00\x00\x00\x00\x00\x00\x00\x00\x00\x00\x00\x00\x00\x00\x00\x00\x00\x00\x00\x00\x00\x00\x00\x00\x00\x00\x00\x00\x00\x00\x00\x00\x00\x00\x00\x00\x00\x00\x00\x00\x00\x00\x00\x00\x00\x00\x00\x00\x00\x00\x00\x00\x00\x00\x00\x00\x00\x00\x00\x00\x00\x00\x00\x00\x00\x00\x00\x00\x00\x00\x00\x00\x00\x00\x00\x00\x00\x00\x00\x00\x00\x00\x00\x00\x00\x00\x00\x00\x00\x00\x00\x00\x00\x00\x00\x00\x00\x00\x00\x00\x00\x00\x00\x00\x00\x00\x00\x00\x00\x00\x00\x00\x00\x00\x00\x00\x00\x00\x00\x00\x00\x00\x00\x00\x00\x00\x00\x00\x00\x00\x00\x00\x00\x00\x00\x00\x00\x00\x00\x00\x00\x00\x00\x00\x00\x00\x00\x00\x00\x00\x00\x00\x00\x00\x00\x00\x00\x00\x00\x00\x00\x00\x00\x00\x00\x00\x00\x00\x00\x00\x00\x00\x00\x00\x00\x00\x00\x00\x00\x00\x00\x00\x00\x00\x00\x00\x00\x00\x00\x00\x00\x00\x00\x00\x00\x00\x00\x00\x00\x00\x00\x00\x00\x00\x00\x00\x00\x00\x00\x00\x00\x00\x00\x00\x00\x00\x00\x00\x00\x00\x00\x00\x00\x00\x00\x00\x00\x00\x00\x00\x00\x00\x00\x00\x00\x00\x00\x00\x00\x00\x00\x00\x00\x00\x00\x00\x00\x00\x00\x00\x00\x00\x00\x00\x00\x00\x00\x00\x00\x00\x00\x00\x00\x00\x00\x00\x00\x00\x00\x00\x00\x00\x00\x00\x00\x00\x00\x00\x00\x00\x00\x00\x00\x00\x00\x00\x00\x00\x00\x00\x00\x00\x00\x00\x00\x00\x00\x01e\x01\x00\x00\x00\x00\x00\x00\x00\x00\x00\x00\x00\x00\x00\x00\x00\x00\x00\x00\x00\x00\x00\x00\x00\x00\x00\x00\x00\x00\x00\x00\x00\x00\x00\x00\x00\x00\x00\x00\x00\x00\x00\x00\x00\x00\x00\x00\x00\x00\x00\x00\x00\x00\x00\x00\x00\x00\x00\x00\x00\x00\x00\x00\x00\x00\x00\x00\x00\x00\x00\x00\x00\x00\x00\x00\x00\x00\x00\x00\x00\x00\x00\x00\x00\x00\x00\x00\x00\x00\x00\x00\x00\x00\x00\x00\x00\x00\x00\x00\x00\x00\x00\x00\x00\x00\x00\x00\x00\x00\x00\x00\x00\x00\x00\x00\x00\x00\x00\x00\x00\x00\x00\x00\x00\x00\x00\x00\x00\x00\x00\x00\x00\x00\x00\x00\x00\x00\x00\x00\x00\x00\x00\x00\x00\x00\x00\x00\x00\x00\x00\x00\x00\x00\x00\x00\x00\x00\x00\x00\x00\x00\x00\x00\x00\x00\x00\x00\x00\x00\x00\x00\x00\x00\x00\x00\x00\x00\x00\x00\x00\x00\x00\x00\x00\x00\x00\x00\x00\x00\x00\x00\x00\x00\x00\x00\x00\x00\x00\x00\x00\x00\x00\x00\x00\x00\x00\x00\x00\x00\x00\x00\x00\x00\x00\x00\x00\x00\x00\x00\x00\x00\x00\x00\x00\x00\x00\x00\x00\x00\x00\x00\x00\x00\x00\x00\x00\x00\x00\x00\x00\x00\x00\x00\x00\x00\x00\x00\x00\x00\x00\x00\x00\x00\x00\x00\x00\x00\x00\x00\x00\x00\x00\x00\x00\x00\x00\x00\x00\x00\x00\x00\x00\x00\x00\x00\x00\x00\x00\x00\x00\x00\x00\x00\x00\x00\x00\x00\x00\x00\x00\x00\x00\x00\x00\x00\x00\x00\x00\x00\x00\x00\x00\x00\x00\x00\x00\x00\x00\x00\x00\x00\x00\x00\x00\x00\x00\x00\x00\x00\x00\x00\x00\x00\x00\x00\x00\x00\x00\x00\x00\x00\x00\x00\x00\x00\x00\x00\x00\x00\x00\x00\x00\x00\x00\x00\x00\x00\x00\x00\x00\x00\x00\x00\x00\x00\x00\x00\x00\x00\x01e\x01\x00\x00\x00\x00\x00\x00\x00\x00\x00\x00\x00\x00\x00\x00\x00\x00\x00\x00\x00\x00\x00\x00\x00\x00\x00\x00\x00\x00\x00\x00\x00\x00\x00\x00\x00\x00\x00\x00\x00\x00\x00\x00\x00\x00\x00\x00\x00\x00\x00\x00\x00\x00\x00\x00\x00\x00\x00\x00\x00\x00\x00\x00\x00\x00\x00\x00\x00\x00\x00\x00\x00\x00\x00\x00\x00\x00\x00\x00\x00\x00\x00\x00\x00\x00\x00\x00\x00\x00\x00\x00\x00\x00\x00\x00\x00\x00\x00\x00\x00\x00\x00\x00\x00\x00\x00\x00\x00\x00\x00\x00\x00\x00\x00\x00\x00\x00\x00\x00\x00\x00\x00\x00\x00\x00\x00\x00\x00\x00\x00\x00\x00\x00\x00\x00\x00\x00\x00\x00\x00\x00\x00\x00\x00\x00\x00\x00\x00\x00\x00\x00\x00\x00\x00\x00\x00\x00\x00\x00\x00\x00\x00\x00\x00\x00\x00\x00\x00\x00\x00\x00\x00\x00\x00\x00\x00\x00\x00\x00\x00\x00\x00\x00\x00\x00\x00\x00\x00\x00\x00\x00\x00\x00\x00\x00\x00\x00\x00\x00\x00\x00\x00\x00\x00\x00\x00\x00\x00\x00\x00\x00\x00\x00\x00\x00\x00\x00\x00\x00\x00\x00\x00\x00\x00\x00\x00\x00\x00\x00\x00\x00\x00\x00\x00\x00\x00\x00\x00\x00\x00\x00\x00\x00\x00\x00\x00\x00\x00\x00\x00\x00\x00\x00\x00\x00\x00\x00\x00\x00\x00\x00\x00\x00\x00\x00\x00\x00\x00\x00\x00\x00\x00\x00\x00\x00\x00\x00\x00\x00\x00\x00\x00\x00\x00\x00\x00\x00\x00\x00\x00\x00\x00\x00\x00\x00\x00\x00\x00\x00\x00\x00\x00\x00\x00\x00\x00\x00\x00\x00\x00\x00\x00\x00\x00\x00\x00\x00\x00\x00\x00\x00\x00\x00\x00\x00\x00\x00\x00\x00\x00\x00\x00\x00\x00\x00\x00\x00\x00\x00\x00\x00\x00\x00\x00\x00\x00\x00\x00\x00\x00\x00\x00\x00\x00\x00\x00\x00\x00\x00\x01e\x01\x00\x00\x00\x00\x00\x00\x00\x00\x00\x00\x00\x00\x00\x00\x00\x00\x00\x00\x00\x00\x00\x00\x00\x00\x00\x00\x00\x00\x00\x00\x00\x00\x00\x00\x00\x00\x00\x00\x00\x00\x00\x00\x00\x00\x00\x00\x00\x00\x00\x00\x00\x00\x00\x00\x00\x00\x00\x00\x00\x00\x00\x00\x00\x00\x00\x00\x00\x00\x00\x00\x00\x00\x00\x00\x00\x00\x00\x00\x00\x00\x00\x00\x00\x00\x00\x00\x00\x00\x00\x00\x00\x00\x00\x00\x00\x00\x00\x00\x00\x00\x00\x00\x00\x00\x00\x00\x00\x00\x00\x00\x00\x00\x00\x00\x00\x00\x00\x00\x00\x00\x00\x00\x00\x00\x00\x00\x00\x00\x00\x00\x00\x00\x00\x00\x00\x00\x00\x00\x00\x00\x00\x00\x00\x00\x00\x00\x00\x00\x00\x00\x00\x00\x00\x00\x00\x00\x00\x00\x00\x00\x00\x00\x00\x00\x00\x00\x00\x00\x00\x00\x00\x00\x00\x00\x00\x00\x00\x00\x00\x00\x00\x00\x00\x00\x00\x00\x00\x00\x00\x00\x00\x00\x00\x00\x00\x00\x00\x00\x00\x00\x00\x00\x00\x00\x00\x00\x00\x00\x00\x00\x00\x00\x00\x00\x00\x00\x00\x00\x00\x00\x00\x00\x00\x00\x00\x00\x00\x00\x00\x00\x00\x00\x00\x00\x00\x00\x00\x00\x00\x00\x00\x00\x00\x00\x00\x00\x00\x00\x00\x00\x00\x00\x00\x00\x00\x00\x00\x00\x00\x00\x00\x00\x00\x00\x00\x00\x00\x00\x00\x00\x00\x00\x00\x00\x00\x00\x00\x00\x00\x00\x00\x00\x00\x00\x00\x00\x00\x00\x00\x00\x00\x00\x00\x00\x00\x00\x00\x00\x00\x00\x00\x00\x00\x00\x00\x00\x00\x00\x00\x00\x00\x00\x00\x00\x00\x00\x00\x00\x00\x00\x00\x00\x00\x00\x00\x00\x00\x00\x00\x00\x00\x00\x00\x00\x00\x00\x00\x00\x00\x00\x00\x00\x00\x00\x00\x00\x00\x00\x00\x00\x00\x00\x00\x00\x00\x00\x00\x00\x01e\x01\x00\x00\x00\x00\x00\x00\x00\x00\x00\x00\x00\x00\x00\x00\x00\x00\x00\x00\x00\x00\x00\x00\x00\x00\x00\x00\x00\x00\x00\x00\x00\x00\x00\x00\x00\x00\x00\x00\x00\x00\x00\x00\x00\x00\x00\x00\x00\x00\x00\x00\x00\x00\x00\x00\x00\x00\x00\x00\x00\x00\x00\x00\x00\x00\x00\x00\x00\x00\x00\x00\x00\x00\x00\x00\x00\x00\x00\x00\x00\x00\x00\x00\x00\x00\x00\x00\x00\x00\x00\x00\x00\x00\x00\x00\x00\x00\x00\x00\x00\x00\x00\x00\x00\x00\x00\x00\x00\x00\x00\x00\x00\x00\x00\x00\x00\x00\x00\x00\x00\x00\x00\x00\x00\x00\x00\x00\x00\x00\x00\x00\x00\x00\x00\x00\x00\x00\x00\x00\x00\x00\x00\x00\x00\x00\x00\x00\x00\x00\x00\x00\x00\x00\x00\x00\x00\x00\x00\x00\x00\x00\x00\x00\x00\x00\x00\x00\x00\x00\x00\x00\x00\x00\x00\x00\x00\x00\x00\x00\x00\x00\x00\x00\x00\x00\x00\x00\x00\x00\x00\x00\x00\x00\x00\x00\x00\x00\x00\x00\x00\x00\x00\x00\x00\x00\x00\x00\x00\x00\x00\x00\x00\x00\x00\x00\x00\x00\x00\x00\x00\x00\x00\x00\x00\x00\x00\x00\x00\x00\x00\x00\x00\x00\x00\x00\x00\x00\x00\x00\x00\x00\x00\x00\x00\x00\x00\x00\x00\x00\x00\x00\x00\x00\x00\x00\x00\x00\x00\x00\x00\x00\x00\x00\x00\x00\x00\x00\x00\x00\x00\x00\x00\x00\x00\x00\x00\x00\x00\x00\x00\x00\x00\x00\x00\x00\x00\x00\x00\x00\x00\x00\x00\x00\x00\x00\x00\x00\x00\x00\x00\x00\x00\x00\x00\x00\x00\x00\x00\x00\x00\x00\x00\x00\x00\x00\x00\x00\x00\x00\x00\x00\x00\x00\x00\x00\x00\x00\x00\x00\x00\x00\x00\x00\x00\x00\x00\x00\x00\x00\x00\x00\x00\x00\x00\x00\x00\x00\x00\x00\x00\x00\x00\x00\x00\x00\x00\x00\x00\x00\x01e\x01\x00\x00\x00\x00\x00\x00\x00\x00\x00\x00\x00\x00\x00\x00\x00\x00\x00\x00\x00\x00\x00\x00\x00\x00\x00\x00\x00\x00\x00\x00\x00\x00\x00\x00\x00\x00\x00\x00\x00\x00\x00\x00\x00\x00\x00\x00\x00\x00\x00\x00\x00\x00\x00\x00\x00\x00\x00\x00\x00\x00\x00\x00\x00\x00\x00\x00\x00\x00\x00\x00\x00\x00\x00\x00\x00\x00\x00\x00\x00\x00\x00\x00\x00\x00\x00\x00\x00\x00\x00\x00\x00\x00\x00\x00\x00\x00\x00\x00\x00\x00\x00\x00\x00\x00\x00\x00\x00\x00\x00\x00\x00\x00\x00\x00\x00\x00\x00\x00\x00\x00\x00\x00\x00\x00\x00\x00\x00\x00\x00\x00\x00\x00\x00\x00\x00\x00\x00\x00\x00\x00\x00\x00\x00\x00\x00\x00\x00\x00\x00\x00\x00\x00\x00\x00\x00\x00\x00\x00\x00\x00\x00\x00\x00\x00\x00\x00\x00\x00\x00\x00\x00\x00\x00\x00\x00\x00\x00\x00\x00\x00\x00\x00\x00\x00\x00\x00\x00\x00\x00\x00\x00\x00\x00\x00\x00\x00\x00\x00\x00\x00\x00\x00\x00\x00\x00\x00\x00\x00\x00\x00\x00\x00\x00\x00\x00\x00\x00\x00\x00\x00\x00\x00\x00\x00\x00\x00\x00\x00\x00\x00\x00\x00\x00\x00\x00\x00\x00\x00\x00\x00\x00\x00\x00\x00\x00\x00\x00\x00\x00\x00\x00\x00\x00\x00\x00\x00\x00\x00\x00\x00\x00\x00\x00\x00\x00\x00\x00\x00\x00\x00\x00\x00\x00\x00\x00\x00\x00\x00\x00\x00\x00\x00\x00\x00\x00\x00\x00\x00\x00\x00\x00\x00\x00\x00\x00\x00\x00\x00\x00\x00\x00\x00\x00\x00\x00\x00\x00\x00\x00\x00\x00\x00\x00\x00\x00\x00\x00\x00\x00\x00\x00\x00\x00\x00\x00\x00\x00\x00\x00\x00\x00\x00\x00\x00\x00\x00\x00\x00\x00\x00\x00\x00\x00\x00\x00\x00\x00\x00\x00\x00\x00\x00\x00\x00\x00\x00\x00\x00\x01e\x01\x00\x00\x00\x00\x00\x00\x00\x00\x00\x00\x00\x00\x00\x00\x00\x00\x00\x00\x00\x00\x00\x00\x00\x00\x00\x00\x00\x00\x00\x00\x00\x00\x00\x00\x00\x00\x00\x00\x00\x00\x00\x00\x00\x00\x00\x00\x00\x00\x00\x00\x00\x00\x00\x00\x00\x00\x00\x00\x00\x00\x00\x00\x00\x00\x00\x00\x00\x00\x00\x00\x00\x00\x00\x00\x00\x00\x00\x00\x00\x00\x00\x00\x00\x00\x00\x00\x00\x00\x00\x00\x00\x00\x00\x00\x00\x00\x00\x00\x00\x00\x00\x00\x00\x00\x00\x00\x00\x00\x00\x00\x00\x00\x00\x00\x00\x00\x00\x00\x00\x00\x00\x00\x00\x00\x00\x00\x00\x00\x00\x00\x00\x00\x00\x00\x00\x00\x00\x00\x00\x00\x00\x00\x00\x00\x00\x00\x00\x00\x00\x00\x00\x00\x00\x00\x00\x00\x00\x00\x00\x00\x00\x00\x00\x00\x00\x00\x00\x00\x00\x00\x00\x00\x00\x00\x00\x00\x00\x00\x00\x00\x00\x00\x00\x00\x00\x00\x00\x00\x00\x00\x00\x00\x00\x00\x00\x00\x00\x00\x00\x00\x00\x00\x00\x00\x00\x00\x00\x00\x00\x00\x00\x00\x00\x00\x00\x00\x00\x00\x00\x00\x00\x00\x00\x00\x00\x00\x00\x00\x00\x00\x00\x00\x00\x00\x00\x00\x00\x00\x00\x00\x00\x00\x00\x00\x00\x00\x00\x00\x00\x00\x00\x00\x00\x00\x00\x00\x00\x00\x00\x00\x00\x00\x00\x00\x00\x00\x00\x00\x00\x00\x00\x00\x00\x00\x00\x00\x00\x00\x00\x00\x00\x00\x00\x00\x00\x00\x00\x00\x00\x00\x00\x00\x00\x00\x00\x00\x00\x00\x00\x00\x00\x00\x00\x00\x00\x00\x00\x00\x00\x00\x00\x00\x00\x00\x00\x00\x00\x00\x00\x00\x00\x00\x00\x00\x00\x00\x00\x00\x00\x00\x00\x00\x00\x00\x00\x00\x00\x00\x00\x00\x00\x00\x00\x00\x00\x00\x00\x00\x00\x00\x00\x00\x00\x00\x00\x00\x00\x00\x01]' (2531) = [215490262910967673758931671039474742255869903130664096095490679372321540818586339332403505403867981171242585731880190317164602090317566037956614910111734772463182549766490843349399546742921295690920418961595254303614298906602658380573002061837184661164941865011752776090082869394059418002192241171369962627480888241057294824199961602151398978329759104052374542826615433500631505167917888316683761801219453499089586950569683659522996957876229974573819212149786729512650887507688833773653127891874989653431135804164646913302689349652535290575304730357436772961468319622086628889493987144735536081744893749225911636601337636852054347868033038991522175618592080036986772118837143486322924027095253306541931198045968050251415431016902184963760860076918334511616991083783532328510945704239200398396467163065767816797143047573035158659529771719489662746795396038656, 215490262910967673758931671039474742255869903130664096095490679372321540818586339332403505403867981171242585731880190317164602090317566037956614910111734772463182549766490843349399546742921295690920418961595254303614298906602658380573002061837184661164941865011752776090082869394059418002192241171369962627480888241057294824199961602151398978329759104052374542826615433500631505167917888316683761801219453499089586950569683659522996957876229974573819212149786729512650887507688833773653127891874989653431135804164646913302689349652535290575304730357436772961468319622086628889493987144735536081744893749225911636601337636852054347868033038991522175618592080036986772118837143486322924027095253306541931198045968050251415431016902184963760860076918334511616991083783532328510945704239200398396467163065767816797143047573035158659529771719489662746795396038656, 215490262910967673758931671039474742255869903130664096095490679372321540818586339332403505403867981171242585731880190317164602090317566037956614910111734772463182549766490843349399546742921295690920418961595254303614298906602658380573002061837184661164941865011752776090082869394059418002192241171369962627480888241057294824199961602151398978329759104052374542826615433500631505167917888316683761801219453499089586950569683659522996957876229974573819212149786729512650887507688833773653127891874989653431135804164646913302689349652535290575304730357436772961468319622086628889493987144735536081744893749225911636601337636852054347868033038991522175618592080036986772118837143486322924027095253306541931198045968050251415431016902184963760860076918334511616991083783532328510945704239200398396467163065767816797143047573035158659529771719489662746795396038656, 215490262910967673758931671039474742255869903130664096095490679372321540818586339332403505403867981171242585731880190317164602090317566037956614910111734772463182549766490843349399546742921295690920418961595254303614298906602658380573002061837184661164941865011752776090082869394059418002192241171369962627480888241057294824199961602151398978329759104052374542826615433500631505167917888316683761801219453499089586950569683659522996957876229974573819212149786729512650887507688833773653127891874989653431135804164646913302689349652535290575304730357436772961468319622086628889493987144735536081744893749225911636601337636852054347868033038991522175618592080036986772118837143486322924027095253306541931198045968050251415431016902184963760860076918334511616991083783532328510945704239200398396467163065767816797143047573035158659529771719489662746795396038656, 215490262910967673758931671039474742255869903130664096095490679372321540818586339332403505403867981171242585731880190317164602090317566037956614910111734772463182549766490843349399546742921295690920418961595254303614298906602658380573002061837184661164941865011752776090082869394059418002192241171369962627480888241057294824199961602151398978329759104052374542826615433500631505167917888316683761801219453499089586950569683659522996957876229974573819212149786729512650887507688833773653127891874989653431135804164646913302689349652535290575304730357436772961468319622086628889493987144735536081744893749225911636601337636852054347868033038991522175618592080036986772118837143486322924027095253306541931198045968050251415431016902184963760860076918334511616991083783532328510945704239200398396467163065767816797143047573035158659529771719489662746795396038656, 215490262910967673758931671039474742255869903130664096095490679372321540818586339332403505403867981171242585731880190317164602090317566037956614910111734772463182549766490843349399546742921295690920418961595254303614298906602658380573002061837184661164941865011752776090082869394059418002192241171369962627480888241057294824199961602151398978329759104052374542826615433500631505167917888316683761801219453499089586950569683659522996957876229974573819212149786729512650887507688833773653127891874989653431135804164646913302689349652535290575304730357436772961468319622086628889493987144735536081744893749225911636601337636852054347868033038991522175618592080036986772118837143486322924027095253306541931198045968050251415431016902184963760860076918334511616991083783532328510945704239200398396467163065767816797143047573035158659529771719489662746795396038656, 215490262910967673758931671039474742255869903130664096095490679372321540818586339332403505403867981171242585731880190317164602090317566037956614910111734772463182549766490843349399546742921295690920418961595254303614298906602658380573002061837184661164941865011752776090082869394059418002192241171369962627480888241057294824199961602151398978329759104052374542826615433500631505167917888316683761801219453499089586950569683659522996957876229974573819212149786729512650887507688833773653127891874989653431135804164646913302689349652535290575304730357436772961468319622086628889493987144735536081744893749225911636601337636852054347868033038991522175618592080036986772118837143486322924027095253306541931198045968050251415431016902184963760860076918334511616991083783532328510945704239200398396467163065767816797143047573035158659529771719489662746795396038656]
[3.14, 3.14, 3.14, 3.14, 3.14, 3.14, 3.14] = b'[7d\x1f\x85\xebQ\xb8\x1e\t@\x1f\x85\xebQ\xb8\x1e\t@\x1f\x85\xebQ\xb8\x1e\t@\x1f\x85\xebQ\xb8\x1e\t@\x1f\x85\xebQ\xb8\x1e\t@\x1f\x85\xebQ\xb8\x1e\t@\x1f\x85\xebQ\xb8\x1e\t@]' (60) = [3.14, 3.14, 3.14, 3.14, 3.14, 3.14, 3.14]
[(1.2+3.4j), (1.2+3.4j), (1.2+3.4j), (1.2+3.4j), (1.2+3.4j), (1.2+3.4j), (1.2+3.4j)] = b'[7C333333\xf3?333333\x0b@333333\xf3?333333\x0b@333333\xf3?333333\x0b@333333\xf3?333333\x0b@333333\xf3?333333\x0b@333333\xf3?333333\x0b@333333\xf3?333333\x0b@]' (116) = [(1.2+3.4j), (1.2+3.4j), (1.2+3.4j), (1.2+3.4j), (1.2+3.4j), (1.2+3.4j), (1.2+3.4j)]
[slice(0, None, ()), slice(0, None, ()), slice(0, None, ()), slice(0, None, ()), slice(0, None, ()), slice(0, None, ()), slice(0, None, ())] = b'[7:b\x00N()b\x00N()b\x00N()b\x00N()b\x00N()b\x00N()b\x00N()]' (39) = [slice(0, None, ()), slice(0, None, ()), slice(0, None, ()), slice(0, None, ()), slice(0, None, ()), slice(0, None, ()), slice(0, None, ())]
{1: 2, 3: [None]} = b'{3b\x01\x03\x02[N]}' (10) = {1: 2, 3: [None]}
bitarray('1001') = b'4B\x90' (3) = bitarray('1001')
bitarray('10010010') = b'8B\x92' (3) = bitarray('10010010')
bitarray('1001001011') = b'p\nB\x92\xc0' (5) = bitarray('1001001011')

random prims
s = 2: 0.5849113471212776
s = 4: 0.6431567686295473
s = 6: 0.6840458433503166
s = 8: 0.6975614972030084
s = 10: 0.7323947789992328
s = 12: 0.7481415856792649

random very prims
None: 0.25
bool: 0.25
1 : 0.32409999999999917
2 : 0.438375
3 : 0.62475
4 : 0.625
5 : 0.898349999999985
6 : 0.8185090909091075
7 : 0.750409090909091
8 : 0.6924807692307735
16 : 0.8571071428571495
float: 0.75
complex: 0.3617021276595712

random flat, typed prims
None: 0.1282051282051269
bool: 0.6764871794871774
1 : 0.3111719739450539
2 : 0.515537270547984
3 : 0.7983184116986274
4 : 0.796407185628737
5 : 1.1306963585459102
6 : 0.9929031434127406
7 : 0.8851131075256583
8 : 0.7984419679526772
16 : 0.941668433257291
float: 0.8847457627118713
complex: 0.6032672112018647

bitarrays
n = 1 : 0.04
n = 2 : 0.06
n = 4 : 0.06
n = 8 : 0.06
n = 16 : 0.09803921568627451
n = 32 : 0.1320754716981132
n = 64 : 0.19298245614035087
n = 128 : 0.2923076923076923
n = 256 : 0.4691358024691358
n = 512 : 0.6194690265486725
n = 1024 : 0.7570621468926554

random performance
pickle.dumps: 0.20497465133666992
encode: 1.865091323852539
pickle.loads: 0.1502370834350586
decode: 1.131896734237671

single object performance
encode
None 0.04266786575317383 0.03133893013000488
bool 0.042900800704956055 0.03477287292480469
1 0.044858694076538086 0.06011247634887695
2 0.045294761657714844 0.06923866271972656
3 0.04413175582885742 0.07753801345825195
4 0.04475522041320801 0.08081436157226562
5 0.04882955551147461 0.0871129035949707
6 0.049640655517578125 0.08773064613342285
7 0.051996469497680664 0.08805608749389648
8 0.049901485443115234 0.09070658683776855
16 0.058341264724731445 0.3503701686859131
float 0.04315066337585449 0.048021793365478516
complex 0.37854814529418945 0.06278038024902344
decode
None 0.0354619026184082 0.10063862800598145
bool 0.036234140396118164 0.10603594779968262
1 0.03813004493713379 0.15343666076660156
2 0.03824424743652344 0.15475130081176758
3 0.037201642990112305 0.14670777320861816
4 0.03836250305175781 0.14597868919372559
5 0.03917741775512695 0.15688109397888184
6 0.03948807716369629 0.1556110382080078
7 0.03999733924865723 0.1542348861694336
8 0.04033088684082031 0.15556764602661133
16 0.04090237617492676 0.27417635917663574
float 0.03685307502746582 0.1398308277130127
complex 0.1662278175354004 0.17480206489562988
