None = 'N' (1) = None
True = 'T' (1) = True
False = 'F' (1) = False
0 = 'b\x00' (2) = 0
127 = 'b\x7f' (2) = 127
128 = 'h\x80\x00' (3) = 128
32767 = 'h\xff\x7f' (3) = 32767
32768 = 'i\x00\x80\x00\x00' (5) = 32768
2147483647 = 'i\xff\xff\xff\x7f' (5) = 2147483647
2147483648 = 'q\x00\x00\x00\x80\x00\x00\x00\x00' (9) = 2147483648
9223372036854775807 = 'q\xff\xff\xff\xff\xff\xff\xff\x7f' (9) = 9223372036854775807
9223372036854775808 = 'I\t\x00\x00\x00\x00\x00\x00\x00\x80\x00' (11) = 9223372036854775808
170141183460469231731687303715884105727 = 'I\x10\xff\xff\xff\xff\xff\xff\xff\xff\xff\xff\xff\xff\xff\xff\xff\x7f' (18) = 170141183460469231731687303715884105727
-1 = 'b\xff' (2) = -1
-128 = 'b\x80' (2) = -128
-129 = 'h\x7f\xff' (3) = -129
-32768 = 'h\x00\x80' (3) = -32768
-32769 = 'i\xff\x7f\xff\xff' (5) = -32769
-2147483648 = 'i\x00\x00\x00\x80' (5) = -2147483648
-2147483649 = 'q\xff\xff\xff\x7f\xff\xff\xff\xff' (9) = -2147483649
-9223372036854775808 = 'q\x00\x00\x00\x00\x00\x00\x00\x80' (9) = -9223372036854775808
-9223372036854775809 = 'I\t\xff\xff\xff\xff\xff\xff\xff\x7f\xff' (11) = -9223372036854775809
-170141183460469231731687303715884105728 = 'I\x10\x00\x00\x00\x00\x00\x00\x00\x00\x00\x00\x00\x00\x00\x00\x00\x80' (18) = -170141183460469231731687303715884105728
3.141521 = 'd\xe6\x93\x15\xc3\xd5!\t@' (9) = 3.141521
(1.2+3.4j) = 'C333333\xf3?333333\x0b@' (17) = (1.2+3.4j)
 = '0S' (2) = 
a = 'Sa' (2) = a
ab = '2Sab' (4) = ab
 = '0U' (2) = 
u = 'Uu' (2) = u
uc = '2Uuc' (4) = uc
slice(1, 4.5, None) = ':b\x01d\x00\x00\x00\x00\x00\x00\x12@N' (13) = slice(1, 4.5, None)
() = '()' (2) = ()
(None, True, 1, 0.1) = '(NTb\x01d\x9a\x99\x99\x99\x99\x99\xb9?)' (15) = (None, True, 1, 0.1)
[None, True, 1, 0.1] = '[NTb\x01d\x9a\x99\x99\x99\x99\x99\xb9?]' (15) = [None, True, 1, 0.1]
set([True, 0.1, None]) = '<TNd\x9a\x99\x99\x99\x99\x99\xb9?>' (13) = set([True, 0.1, None])
{1: 0.1, None: True} = '{b\x01Nd\x9a\x99\x99\x99\x99\x99\xb9?T}' (15) = {1: 0.1, None: True}
(1, [2, set([3, ()]), set([])], []) = '(b\x01[b\x02<b\x03()><>][])' (18) = (1, [2, set([3, ()]), set([])], [])
[True, True, True, True, True, True, True] = '[7T]' (4) = [True, True, True, True, True, True, True]
[False, False, False, False, False, False, False] = '[7F]' (4) = [False, False, False, False, False, False, False]
[1, 1, 1, 1, 1, 1, 1] = '[7b\x01\x01\x01\x01\x01\x01\x01]' (11) = [1, 1, 1, 1, 1, 1, 1]
[340282366920938463463374607431768211456L, 340282366920938463463374607431768211456L, 340282366920938463463374607431768211456L, 340282366920938463463374607431768211456L, 340282366920938463463374607431768211456L, 340282366920938463463374607431768211456L, 340282366920938463463374607431768211456L] = '[7I\x11\x00\x00\x00\x00\x00\x00\x00\x00\x00\x00\x00\x00\x00\x00\x00\x00\x01\x11\x00\x00\x00\x00\x00\x00\x00\x00\x00\x00\x00\x00\x00\x00\x00\x00\x01\x11\x00\x00\x00\x00\x00\x00\x00\x00\x00\x00\x00\x00\x00\x00\x00\x00\x01\x11\x00\x00\x00\x00\x00\x00\x00\x00\x00\x00\x00\x00\x00\x00\x00\x00\x01\x11\x00\x00\x00\x00\x00\x00\x00\x00\x00\x00\x00\x00\x00\x00\x00\x00\x01\x11\x00\x00\x00\x00\x00\x00\x00\x00\x00\x00\x00\x00\x00\x00\x00\x00\x01\x11\x00\x00\x00\x00\x00\x00\x00\x00\x00\x00\x00\x00\x00\x00\x00\x00\x01]' (130) = [340282366920938463463374607431768211456L, 340282366920938463463374607431768211456L, 340282366920938463463374607431768211456L, 340282366920938463463374607431768211456L, 340282366920938463463374607431768211456L, 340282366920938463463374607431768211456L, 340282366920938463463374607431768211456L]
[215490262910967673758931671039474742255869903130664096095490679372321540818586339332403505403867981171242585731880190317164602090317566037956614910111734772463182549766490843349399546742921295690920418961595254303614298906602658380573002061837184661164941865011752776090082869394059418002192241171369962627480888241057294824199961602151398978329759104052374542826615433500631505167917888316683761801219453499089586950569683659522996957876229974573819212149786729512650887507688833773653127891874989653431135804164646913302689349652535290575304730357436772961468319622086628889493987144735536081744893749225911636601337636852054347868033038991522175618592080036986772118837143486322924027095253306541931198045968050251415431016902184963760860076918334511616991083783532328510945704239200398396467163065767816797143047573035158659529771719489662746795396038656L, 215490262910967673758931671039474742255869903130664096095490679372321540818586339332403505403867981171242585731880190317164602090317566037956614910111734772463182549766490843349399546742921295690920418961595254303614298906602658380573002061837184661164941865011752776090082869394059418002192241171369962627480888241057294824199961602151398978329759104052374542826615433500631505167917888316683761801219453499089586950569683659522996957876229974573819212149786729512650887507688833773653127891874989653431135804164646913302689349652535290575304730357436772961468319622086628889493987144735536081744893749225911636601337636852054347868033038991522175618592080036986772118837143486322924027095253306541931198045968050251415431016902184963760860076918334511616991083783532328510945704239200398396467163065767816797143047573035158659529771719489662746795396038656L, 215490262910967673758931671039474742255869903130664096095490679372321540818586339332403505403867981171242585731880190317164602090317566037956614910111734772463182549766490843349399546742921295690920418961595254303614298906602658380573002061837184661164941865011752776090082869394059418002192241171369962627480888241057294824199961602151398978329759104052374542826615433500631505167917888316683761801219453499089586950569683659522996957876229974573819212149786729512650887507688833773653127891874989653431135804164646913302689349652535290575304730357436772961468319622086628889493987144735536081744893749225911636601337636852054347868033038991522175618592080036986772118837143486322924027095253306541931198045968050251415431016902184963760860076918334511616991083783532328510945704239200398396467163065767816797143047573035158659529771719489662746795396038656L, 215490262910967673758931671039474742255869903130664096095490679372321540818586339332403505403867981171242585731880190317164602090317566037956614910111734772463182549766490843349399546742921295690920418961595254303614298906602658380573002061837184661164941865011752776090082869394059418002192241171369962627480888241057294824199961602151398978329759104052374542826615433500631505167917888316683761801219453499089586950569683659522996957876229974573819212149786729512650887507688833773653127891874989653431135804164646913302689349652535290575304730357436772961468319622086628889493987144735536081744893749225911636601337636852054347868033038991522175618592080036986772118837143486322924027095253306541931198045968050251415431016902184963760860076918334511616991083783532328510945704239200398396467163065767816797143047573035158659529771719489662746795396038656L, 215490262910967673758931671039474742255869903130664096095490679372321540818586339332403505403867981171242585731880190317164602090317566037956614910111734772463182549766490843349399546742921295690920418961595254303614298906602658380573002061837184661164941865011752776090082869394059418002192241171369962627480888241057294824199961602151398978329759104052374542826615433500631505167917888316683761801219453499089586950569683659522996957876229974573819212149786729512650887507688833773653127891874989653431135804164646913302689349652535290575304730357436772961468319622086628889493987144735536081744893749225911636601337636852054347868033038991522175618592080036986772118837143486322924027095253306541931198045968050251415431016902184963760860076918334511616991083783532328510945704239200398396467163065767816797143047573035158659529771719489662746795396038656L, 215490262910967673758931671039474742255869903130664096095490679372321540818586339332403505403867981171242585731880190317164602090317566037956614910111734772463182549766490843349399546742921295690920418961595254303614298906602658380573002061837184661164941865011752776090082869394059418002192241171369962627480888241057294824199961602151398978329759104052374542826615433500631505167917888316683761801219453499089586950569683659522996957876229974573819212149786729512650887507688833773653127891874989653431135804164646913302689349652535290575304730357436772961468319622086628889493987144735536081744893749225911636601337636852054347868033038991522175618592080036986772118837143486322924027095253306541931198045968050251415431016902184963760860076918334511616991083783532328510945704239200398396467163065767816797143047573035158659529771719489662746795396038656L, 215490262910967673758931671039474742255869903130664096095490679372321540818586339332403505403867981171242585731880190317164602090317566037956614910111734772463182549766490843349399546742921295690920418961595254303614298906602658380573002061837184661164941865011752776090082869394059418002192241171369962627480888241057294824199961602151398978329759104052374542826615433500631505167917888316683761801219453499089586950569683659522996957876229974573819212149786729512650887507688833773653127891874989653431135804164646913302689349652535290575304730357436772961468319622086628889493987144735536081744893749225911636601337636852054347868033038991522175618592080036986772118837143486322924027095253306541931198045968050251415431016902184963760860076918334511616991083783532328510945704239200398396467163065767816797143047573035158659529771719489662746795396038656L] = '[7Je\x01\x00\x00\x00\x00\x00\x00\x00\x00\x00\x00\x00\x00\x00\x00\x00\x00\x00\x00\x00\x00\x00\x00\x00\x00\x00\x00\x00\x00\x00\x00\x00\x00\x00\x00\x00\x00\x00\x00\x00\x00\x00\x00\x00\x00\x00\x00\x00\x00\x00\x00\x00\x00\x00\x00\x00\x00\x00\x00\x00\x00\x00\x00\x00\x00\x00\x00\x00\x00\x00\x00\x00\x00\x00\x00\x00\x00\x00\x00\x00\x00\x00\x00\x00\x00\x00\x00\x00\x00\x00\x00\x00\x00\x00\x00\x00\x00\x00\x00\x00\x00\x00\x00\x00\x00\x00\x00\x00\x00\x00\x00\x00\x00\x00\x00\x00\x00\x00\x00\x00\x00\x00\x00\x00\x00\x00\x00\x00\x00\x00\x00\x00\x00\x00\x00\x00\x00\x00\x00\x00\x00\x00\x00\x00\x00\x00\x00\x00\x00\x00\x00\x00\x00\x00\x00\x00\x00\x00\x00\x00\x00\x00\x00\x00\x00\x00\x00\x00\x00\x00\x00\x00\x00\x00\x00\x00\x00\x00\x00\x00\x00\x00\x00\x00\x00\x00\x00\x00\x00\x00\x00\x00\x00\x00\x00\x00\x00\x00\x00\x00\x00\x00\x00\x00\x00\x00\x00\x00\x00\x00\x00\x00\x00\x00\x00\x00\x00\x00\x00\x00\x00\x00\x00\x00\x00\x00\x00\x00\x00\x00\x00\x00\x00\x00\x00\x00\x00\x00\x00\x00\x00\x00\x00\x00\x00\x00\x00\x00\x00\x00\x00\x00\x00\x00\x00\x00\x00\x00\x00\x00\x00\x00\x00\x00\x00\x00\x00\x00\x00\x00\x00\x00\x00\x00\x00\x00\x00\x00\x00\x00\x00\x00\x00\x00\x00\x00\x00\x00\x00\x00\x00\x00\x00\x00\x00\x00\x00\x00\x00\x00\x00\x00\x00\x00\x00\x00\x00\x00\x00\x00\x00\x00\x00\x00\x00\x00\x00\x00\x00\x00\x00\x00\x00\x00\x00\x00\x00\x00\x00\x00\x00\x00\x00\x00\x00\x00\x00\x00\x00\x00\x00\x00\x00\x00\x00\x00\x00\x00\x00\x00\x00\x00\x00\x00\x00\x00\x00\x00\x00\x01e\x01\x00\x00\x00\x00\x00\x00\x00\x00\x00\x00\x00\x00\x00\x00\x00\x00\x00\x00\x00\x00\x00\x00\x00\x00\x00\x00\x00\x00\x00\x00\x00\x00\x00\x00\x00\x00\x00\x00\x00\x00\x00\x00\x00\x00\x00\x00\x00\x00\x00\x00\x00\x00\x00\x00\x00\x00\x00\x00\x00\x00\x00\x00\x00\x00\x00\x00\x00\x00\x00\x00\x00\x00\x00\x00\x00\x00\x00\x00\x00\x00\x00\x00\x00\x00\x00\x00\x00\x00\x00\x00\x00\x00\x00\x00\x00\x00\x00\x00\x00\x00\x00\x00\x00\x00\x00\x00\x00\x00\x00\x00\x00\x00\x00\x00\x00\x00\x00\x00\x00\x00\x00\x00\x00\x00\x00\x00\x00\x00\x00\x00\x00\x00\x00\x00\x00\x00\x00\x00\x00\x00\x00\x00\x00\x00\x00\x00\x00\x00\x00\x00\x00\x00\x00\x00\x00\x00\x00\x00\x00\x00\x00\x00\x00\x00\x00\x00\x00\x00\x00\x00\x00\x00\x00\x00\x00\x00\x00\x00\x00\x00\x00\x00\x00\x00\x00\x00\x00\x00\x00\x00\x00\x00\x00\x00\x00\x00\x00\x00\x00\x00\x00\x00\x00\x00\x00\x00\x00\x00\x00\x00\x00\x00\x00\x00\x00\x00\x00\x00\x00\x00\x00\x00\x00\x00\x00\x00\x00\x00\x00\x00\x00\x00\x00\x00\x00\x00\x00\x00\x00\x00\x00\x00\x00\x00\x00\x00\x00\x00\x00\x00\x00\x00\x00\x00\x00\x00\x00\x00\x00\x00\x00\x00\x00\x00\x00\x00\x00\x00\x00\x00\x00\x00\x00\x00\x00\x00\x00\x00\x00\x00\x00\x00\x00\x00\x00\x00\x00\x00\x00\x00\x00\x00\x00\x00\x00\x00\x00\x00\x00\x00\x00\x00\x00\x00\x00\x00\x00\x00\x00\x00\x00\x00\x00\x00\x00\x00\x00\x00\x00\x00\x00\x00\x00\x00\x00\x00\x00\x00\x00\x00\x00\x00\x00\x00\x00\x00\x00\x00\x00\x00\x00\x00\x00\x00\x00\x00\x00\x00\x00\x00\x00\x00\x00\x00\x00\x00\x00\x00\x01e\x01\x00\x00\x00\x00\x00\x00\x00\x00\x00\x00\x00\x00\x00\x00\x00\x00\x00\x00\x00\x00\x00\x00\x00\x00\x00\x00\x00\x00\x00\x00\x00\x00\x00\x00\x00\x00\x00\x00\x00\x00\x00\x00\x00\x00\x00\x00\x00\x00\x00\x00\x00\x00\x00\x00\x00\x00\x00\x00\x00\x00\x00\x00\x00\x00\x00\x00\x00\x00\x00\x00\x00\x00\x00\x00\x00\x00\x00\x00\x00\x00\x00\x00\x00\x00\x00\x00\x00\x00\x00\x00\x00\x00\x00\x00\x00\x00\x00\x00\x00\x00\x00\x00\x00\x00\x00\x00\x00\x00\x00\x00\x00\x00\x00\x00\x00\x00\x00\x00\x00\x00\x00\x00\x00\x00\x00\x00\x00\x00\x00\x00\x00\x00\x00\x00\x00\x00\x00\x00\x00\x00\x00\x00\x00\x00\x00\x00\x00\x00\x00\x00\x00\x00\x00\x00\x00\x00\x00\x00\x00\x00\x00\x00\x00\x00\x00\x00\x00\x00\x00\x00\x00\x00\x00\x00\x00\x00\x00\x00\x00\x00\x00\x00\x00\x00\x00\x00\x00\x00\x00\x00\x00\x00\x00\x00\x00\x00\x00\x00\x00\x00\x00\x00\x00\x00\x00\x00\x00\x00\x00\x00\x00\x00\x00\x00\x00\x00\x00\x00\x00\x00\x00\x00\x00\x00\x00\x00\x00\x00\x00\x00\x00\x00\x00\x00\x00\x00\x00\x00\x00\x00\x00\x00\x00\x00\x00\x00\x00\x00\x00\x00\x00\x00\x00\x00\x00\x00\x00\x00\x00\x00\x00\x00\x00\x00\x00\x00\x00\x00\x00\x00\x00\x00\x00\x00\x00\x00\x00\x00\x00\x00\x00\x00\x00\x00\x00\x00\x00\x00\x00\x00\x00\x00\x00\x00\x00\x00\x00\x00\x00\x00\x00\x00\x00\x00\x00\x00\x00\x00\x00\x00\x00\x00\x00\x00\x00\x00\x00\x00\x00\x00\x00\x00\x00\x00\x00\x00\x00\x00\x00\x00\x00\x00\x00\x00\x00\x00\x00\x00\x00\x00\x00\x00\x00\x00\x00\x00\x00\x00\x00\x00\x00\x00\x00\x00\x00\x00\x00\x00\x01e\x01\x00\x00\x00\x00\x00\x00\x00\x00\x00\x00\x00\x00\x00\x00\x00\x00\x00\x00\x00\x00\x00\x00\x00\x00\x00\x00\x00\x00\x00\x00\x00\x00\x00\x00\x00\x00\x00\x00\x00\x00\x00\x00\x00\x00\x00\x00\x00\x00\x00\x00\x00\x00\x00\x00\x00\x00\x00\x00\x00\x00\x00\x00\x00\x00\x00\x00\x00\x00\x00\x00\x00\x00\x00\x00\x00\x00\x00\x00\x00\x00\x00\x00\x00\x00\x00\x00\x00\x00\x00\x00\x00\x00\x00\x00\x00\x00\x00\x00\x00\x00\x00\x00\x00\x00\x00\x00\x00\x00\x00\x00\x00\x00\x00\x00\x00\x00\x00\x00\x00\x00\x00\x00\x00\x00\x00\x00\x00\x00\x00\x00\x00\x00\x00\x00\x00\x00\x00\x00\x00\x00\x00\x00\x00\x00\x00\x00\x00\x00\x00\x00\x00\x00\x00\x00\x00\x00\x00\x00\x00\x00\x00\x00\x00\x00\x00\x00\x00\x00\x00\x00\x00\x00\x00\x00\x00\x00\x00\x00\x00\x00\x00\x00\x00\x00\x00\x00\x00\x00\x00\x00\x00\x00\x00\x00\x00\x00\x00\x00\x00\x00\x00\x00\x00\x00\x00\x00\x00\x00\x00\x00\x00\x00\x00\x00\x00\x00\x00\x00\x00\x00\x00\x00\x00\x00\x00\x00\x00\x00\x00\x00\x00\x00\x00\x00\x00\x00\x00\x00\x00\x00\x00\x00\x00\x00\x00\x00\x00\x00\x00\x00\x00\x00\x00\x00\x00\x00\x00\x00\x00\x00\x00\x00\x00\x00\x00\x00\x00\x00\x00\x00\x00\x00\x00\x00\x00\x00\x00\x00\x00\x00\x00\x00\x00\x00\x00\x00\x00\x00\x00\x00\x00\x00\x00\x00\x00\x00\x00\x00\x00\x00\x00\x00\x00\x00\x00\x00\x00\x00\x00\x00\x00\x00\x00\x00\x00\x00\x00\x00\x00\x00\x00\x00\x00\x00\x00\x00\x00\x00\x00\x00\x00\x00\x00\x00\x00\x00\x00\x00\x00\x00\x00\x00\x00\x00\x00\x00\x00\x00\x00\x00\x00\x00\x00\x00\x00\x00\x00\x00\x01e\x01\x00\x00\x00\x00\x00\x00\x00\x00\x00\x00\x00\x00\x00\x00\x00\x00\x00\x00\x00\x00\x00\x00\x00\x00\x00\x00\x00\x00\x00\x00\x00\x00\x00\x00\x00\x00\x00\x00\x00\x00\x00\x00\x00\x00\x00\x00\x00\x00\x00\x00\x00\x00\x00\x00\x00\x00\x00\x00\x00\x00\x00\x00\x00\x00\x00\x00\x00\x00\x00\x00\x00\x00\x00\x00\x00\x00\x00\x00\x00\x00\x00\x00\x00\x00\x00\x00\x00\x00\x00\x00\x00\x00\x00\x00\x00\x00\x00\x00\x00\x00\x00\x00\x00\x00\x00\x00\x00\x00\x00\x00\x00\x00\x00\x00\x00\x00\x00\x00\x00\x00\x00\x00\x00\x00\x00\x00\x00\x00\x00\x00\x00\x00\x00\x00\x00\x00\x00\x00\x00\x00\x00\x00\x00\x00\x00\x00\x00\x00\x00\x00\x00\x00\x00\x00\x00\x00\x00\x00\x00\x00\x00\x00\x00\x00\x00\x00\x00\x00\x00\x00\x00\x00\x00\x00\x00\x00\x00\x00\x00\x00\x00\x00\x00\x00\x00\x00\x00\x00\x00\x00\x00\x00\x00\x00\x00\x00\x00\x00\x00\x00\x00\x00\x00\x00\x00\x00\x00\x00\x00\x00\x00\x00\x00\x00\x00\x00\x00\x00\x00\x00\x00\x00\x00\x00\x00\x00\x00\x00\x00\x00\x00\x00\x00\x00\x00\x00\x00\x00\x00\x00\x00\x00\x00\x00\x00\x00\x00\x00\x00\x00\x00\x00\x00\x00\x00\x00\x00\x00\x00\x00\x00\x00\x00\x00\x00\x00\x00\x00\x00\x00\x00\x00\x00\x00\x00\x00\x00\x00\x00\x00\x00\x00\x00\x00\x00\x00\x00\x00\x00\x00\x00\x00\x00\x00\x00\x00\x00\x00\x00\x00\x00\x00\x00\x00\x00\x00\x00\x00\x00\x00\x00\x00\x00\x00\x00\x00\x00\x00\x00\x00\x00\x00\x00\x00\x00\x00\x00\x00\x00\x00\x00\x00\x00\x00\x00\x00\x00\x00\x00\x00\x00\x00\x00\x00\x00\x00\x00\x00\x00\x00\x00\x00\x00\x00\x00\x00\x00\x00\x01e\x01\x00\x00\x00\x00\x00\x00\x00\x00\x00\x00\x00\x00\x00\x00\x00\x00\x00\x00\x00\x00\x00\x00\x00\x00\x00\x00\x00\x00\x00\x00\x00\x00\x00\x00\x00\x00\x00\x00\x00\x00\x00\x00\x00\x00\x00\x00\x00\x00\x00\x00\x00\x00\x00\x00\x00\x00\x00\x00\x00\x00\x00\x00\x00\x00\x00\x00\x00\x00\x00\x00\x00\x00\x00\x00\x00\x00\x00\x00\x00\x00\x00\x00\x00\x00\x00\x00\x00\x00\x00\x00\x00\x00\x00\x00\x00\x00\x00\x00\x00\x00\x00\x00\x00\x00\x00\x00\x00\x00\x00\x00\x00\x00\x00\x00\x00\x00\x00\x00\x00\x00\x00\x00\x00\x00\x00\x00\x00\x00\x00\x00\x00\x00\x00\x00\x00\x00\x00\x00\x00\x00\x00\x00\x00\x00\x00\x00\x00\x00\x00\x00\x00\x00\x00\x00\x00\x00\x00\x00\x00\x00\x00\x00\x00\x00\x00\x00\x00\x00\x00\x00\x00\x00\x00\x00\x00\x00\x00\x00\x00\x00\x00\x00\x00\x00\x00\x00\x00\x00\x00\x00\x00\x00\x00\x00\x00\x00\x00\x00\x00\x00\x00\x00\x00\x00\x00\x00\x00\x00\x00\x00\x00\x00\x00\x00\x00\x00\x00\x00\x00\x00\x00\x00\x00\x00\x00\x00\x00\x00\x00\x00\x00\x00\x00\x00\x00\x00\x00\x00\x00\x00\x00\x00\x00\x00\x00\x00\x00\x00\x00\x00\x00\x00\x00\x00\x00\x00\x00\x00\x00\x00\x00\x00\x00\x00\x00\x00\x00\x00\x00\x00\x00\x00\x00\x00\x00\x00\x00\x00\x00\x00\x00\x00\x00\x00\x00\x00\x00\x00\x00\x00\x00\x00\x00\x00\x00\x00\x00\x00\x00\x00\x00\x00\x00\x00\x00\x00\x00\x00\x00\x00\x00\x00\x00\x00\x00\x00\x00\x00\x00\x00\x00\x00\x00\x00\x00\x00\x00\x00\x00\x00\x00\x00\x00\x00\x00\x00\x00\x00\x00\x00\x00\x00\x00\x00\x00\x00\x00\x00\x00\x00\x00\x00\x00\x00\x00\x00\x00\x00\x01e\x01\x00\x00\x00\x00\x00\x00\x00\x00\x00\x00\x00\x00\x00\x00\x00\x00\x00\x00\x00\x00\x00\x00\x00\x00\x00\x00\x00\x00\x00\x00\x00\x00\x00\x00\x00\x00\x00\x00\x00\x00\x00\x00\x00\x00\x00\x00\x00\x00\x00\x00\x00\x00\x00\x00\x00\x00\x00\x00\x00\x00\x00\x00\x00\x00\x00\x00\x00\x00\x00\x00\x00\x00\x00\x00\x00\x00\x00\x00\x00\x00\x00\x00\x00\x00\x00\x00\x00\x00\x00\x00\x00\x00\x00\x00\x00\x00\x00\x00\x00\x00\x00\x00\x00\x00\x00\x00\x00\x00\x00\x00\x00\x00\x00\x00\x00\x00\x00\x00\x00\x00\x00\x00\x00\x00\x00\x00\x00\x00\x00\x00\x00\x00\x00\x00\x00\x00\x00\x00\x00\x00\x00\x00\x00\x00\x00\x00\x00\x00\x00\x00\x00\x00\x00\x00\x00\x00\x00\x00\x00\x00\x00\x00\x00\x00\x00\x00\x00\x00\x00\x00\x00\x00\x00\x00\x00\x00\x00\x00\x00\x00\x00\x00\x00\x00\x00\x00\x00\x00\x00\x00\x00\x00\x00\x00\x00\x00\x00\x00\x00\x00\x00\x00\x00\x00\x00\x00\x00\x00\x00\x00\x00\x00\x00\x00\x00\x00\x00\x00\x00\x00\x00\x00\x00\x00\x00\x00\x00\x00\x00\x00\x00\x00\x00\x00\x00\x00\x00\x00\x00\x00\x00\x00\x00\x00\x00\x00\x00\x00\x00\x00\x00\x00\x00\x00\x00\x00\x00\x00\x00\x00\x00\x00\x00\x00\x00\x00\x00\x00\x00\x00\x00\x00\x00\x00\x00\x00\x00\x00\x00\x00\x00\x00\x00\x00\x00\x00\x00\x00\x00\x00\x00\x00\x00\x00\x00\x00\x00\x00\x00\x00\x00\x00\x00\x00\x00\x00\x00\x00\x00\x00\x00\x00\x00\x00\x00\x00\x00\x00\x00\x00\x00\x00\x00\x00\x00\x00\x00\x00\x00\x00\x00\x00\x00\x00\x00\x00\x00\x00\x00\x00\x00\x00\x00\x00\x00\x00\x00\x00\x00\x00\x00\x00\x00\x00\x00\x00\x00\x00\x01]' (2531) = [215490262910967673758931671039474742255869903130664096095490679372321540818586339332403505403867981171242585731880190317164602090317566037956614910111734772463182549766490843349399546742921295690920418961595254303614298906602658380573002061837184661164941865011752776090082869394059418002192241171369962627480888241057294824199961602151398978329759104052374542826615433500631505167917888316683761801219453499089586950569683659522996957876229974573819212149786729512650887507688833773653127891874989653431135804164646913302689349652535290575304730357436772961468319622086628889493987144735536081744893749225911636601337636852054347868033038991522175618592080036986772118837143486322924027095253306541931198045968050251415431016902184963760860076918334511616991083783532328510945704239200398396467163065767816797143047573035158659529771719489662746795396038656L, 215490262910967673758931671039474742255869903130664096095490679372321540818586339332403505403867981171242585731880190317164602090317566037956614910111734772463182549766490843349399546742921295690920418961595254303614298906602658380573002061837184661164941865011752776090082869394059418002192241171369962627480888241057294824199961602151398978329759104052374542826615433500631505167917888316683761801219453499089586950569683659522996957876229974573819212149786729512650887507688833773653127891874989653431135804164646913302689349652535290575304730357436772961468319622086628889493987144735536081744893749225911636601337636852054347868033038991522175618592080036986772118837143486322924027095253306541931198045968050251415431016902184963760860076918334511616991083783532328510945704239200398396467163065767816797143047573035158659529771719489662746795396038656L, 215490262910967673758931671039474742255869903130664096095490679372321540818586339332403505403867981171242585731880190317164602090317566037956614910111734772463182549766490843349399546742921295690920418961595254303614298906602658380573002061837184661164941865011752776090082869394059418002192241171369962627480888241057294824199961602151398978329759104052374542826615433500631505167917888316683761801219453499089586950569683659522996957876229974573819212149786729512650887507688833773653127891874989653431135804164646913302689349652535290575304730357436772961468319622086628889493987144735536081744893749225911636601337636852054347868033038991522175618592080036986772118837143486322924027095253306541931198045968050251415431016902184963760860076918334511616991083783532328510945704239200398396467163065767816797143047573035158659529771719489662746795396038656L, 215490262910967673758931671039474742255869903130664096095490679372321540818586339332403505403867981171242585731880190317164602090317566037956614910111734772463182549766490843349399546742921295690920418961595254303614298906602658380573002061837184661164941865011752776090082869394059418002192241171369962627480888241057294824199961602151398978329759104052374542826615433500631505167917888316683761801219453499089586950569683659522996957876229974573819212149786729512650887507688833773653127891874989653431135804164646913302689349652535290575304730357436772961468319622086628889493987144735536081744893749225911636601337636852054347868033038991522175618592080036986772118837143486322924027095253306541931198045968050251415431016902184963760860076918334511616991083783532328510945704239200398396467163065767816797143047573035158659529771719489662746795396038656L, 215490262910967673758931671039474742255869903130664096095490679372321540818586339332403505403867981171242585731880190317164602090317566037956614910111734772463182549766490843349399546742921295690920418961595254303614298906602658380573002061837184661164941865011752776090082869394059418002192241171369962627480888241057294824199961602151398978329759104052374542826615433500631505167917888316683761801219453499089586950569683659522996957876229974573819212149786729512650887507688833773653127891874989653431135804164646913302689349652535290575304730357436772961468319622086628889493987144735536081744893749225911636601337636852054347868033038991522175618592080036986772118837143486322924027095253306541931198045968050251415431016902184963760860076918334511616991083783532328510945704239200398396467163065767816797143047573035158659529771719489662746795396038656L, 215490262910967673758931671039474742255869903130664096095490679372321540818586339332403505403867981171242585731880190317164602090317566037956614910111734772463182549766490843349399546742921295690920418961595254303614298906602658380573002061837184661164941865011752776090082869394059418002192241171369962627480888241057294824199961602151398978329759104052374542826615433500631505167917888316683761801219453499089586950569683659522996957876229974573819212149786729512650887507688833773653127891874989653431135804164646913302689349652535290575304730357436772961468319622086628889493987144735536081744893749225911636601337636852054347868033038991522175618592080036986772118837143486322924027095253306541931198045968050251415431016902184963760860076918334511616991083783532328510945704239200398396467163065767816797143047573035158659529771719489662746795396038656L, 215490262910967673758931671039474742255869903130664096095490679372321540818586339332403505403867981171242585731880190317164602090317566037956614910111734772463182549766490843349399546742921295690920418961595254303614298906602658380573002061837184661164941865011752776090082869394059418002192241171369962627480888241057294824199961602151398978329759104052374542826615433500631505167917888316683761801219453499089586950569683659522996957876229974573819212149786729512650887507688833773653127891874989653431135804164646913302689349652535290575304730357436772961468319622086628889493987144735536081744893749225911636601337636852054347868033038991522175618592080036986772118837143486322924027095253306541931198045968050251415431016902184963760860076918334511616991083783532328510945704239200398396467163065767816797143047573035158659529771719489662746795396038656L]
[3.14, 3.14, 3.14, 3.14, 3.14, 3.14, 3.14] = '[7d\x1f\x85\xebQ\xb8\x1e\t@\x1f\x85\xebQ\xb8\x1e\t@\x1f\x85\xebQ\xb8\x1e\t@\x1f\x85\xebQ\xb8\x1e\t@\x1f\x85\xebQ\xb8\x1e\t@\x1f\x85\xebQ\xb8\x1e\t@\x1f\x85\xebQ\xb8\x1e\t@]' (60) = [3.14, 3.14, 3.14, 3.14, 3.14, 3.14, 3.14]
[(1.2+3.4j), (1.2+3.4j), (1.2+3.4j), (1.2+3.4j), (1.2+3.4j), (1.2+3.4j), (1.2+3.4j)] = '[7C333333\xf3?333333\x0b@333333\xf3?333333\x0b@333333\xf3?333333\x0b@333333\xf3?333333\x0b@333333\xf3?333333\x0b@333333\xf3?333333\x0b@333333\xf3?333333\x0b@]' (116) = [(1.2+3.4j), (1.2+3.4j), (1.2+3.4j), (1.2+3.4j), (1.2+3.4j), (1.2+3.4j), (1.2+3.4j)]
[slice(0, None, ()), slice(0, None, ()), slice(0, None, ()), slice(0, None, ()), slice(0, None, ()), slice(0, None, ()), slice(0, None, ())] = '[7:b\x00N()b\x00N()b\x00N()b\x00N()b\x00N()b\x00N()b\x00N()]' (39) = [slice(0, None, ()), slice(0, None, ()), slice(0, None, ()), slice(0, None, ()), slice(0, None, ()), slice(0, None, ()), slice(0, None, ())]
{1: 2, 3: [None]} = '{3b\x01\x03\x02[N]}' (10) = {1: 2, 3: [None]}
bitarray('1001') = '4B\x90' (3) = bitarray('1001')
bitarray('10010010') = '8B\x92' (3) = bitarray('10010010')
bitarray('1001001011') = 'p\nB\x92\xc0' (5) = bitarray('1001001011')

random prims
s = 2: 0.541611387938
s = 4: 0.569285830054
s = 6: 0.5828863931
s = 8: 0.598850852138
s = 10: 0.609918136842
s = 12: 0.619480188373

random very prims
None: 0.25
bool: 0.25
1 : 0.32695
2 : 0.439725
3 : 0.623583333333
4 : 0.625
5 : 0.519966911765
6 : 0.456794808713
7 : 0.406100395257
8 : 0.369329881423
16 : 0.857114285714
float: 0.75
complex: 0.354166666667

random flat, typed prims
None: 0.128205128205
bool: 0.682615384615
1 : 0.314500232472
2 : 0.513338881865
3 : 0.798151489224
4 : 0.796407185629
5 : 0.562719503202
6 : 0.48178757779
7 : 0.420176378496
8 : 0.377685609563
16 : 0.941669335443
float: 0.884745762712
complex: 0.649497487437

bitarrays
n = 1 : 0.0487804878049
n = 2 : 0.0731707317073
n = 4 : 0.0731707317073
n = 8 : 0.0731707317073
n = 16 : 0.119047619048
n = 32 : 0.159090909091
n = 64 : 0.229166666667
n = 128 : 0.339285714286
n = 256 : 0.527777777778
n = 512 : 0.673076923077
n = 1024 : 0.797619047619

random performance
cPickle.dumps: 0.210484027863
encode: 1.21971106529
pickle.dumps: 2.19025707245
cPickle.loads: 0.137548923492
decode: 1.15867900848
pickle.loads: 1.42785406113

single object performance
encode
None 0.0273351669312 0.0272879600525 0.306924819946
bool 0.0278050899506 0.0283241271973 0.317120075226
1 0.0309278964996 0.0526161193848 0.355165958405
2 0.0303030014038 0.054988861084 0.382835865021
3 0.0278701782227 0.0612759590149 0.374160051346
4 0.0285370349884 0.0642218589783 0.385636091232
5 0.0422110557556 0.0647039413452 0.361147880554
6 0.0421838760376 0.0654540061951 0.363123178482
7 0.0432031154633 0.0658578872681 0.367595911026
8 0.0426790714264 0.0668129920959 0.364506959915
16 0.0354650020599 0.429512023926 0.74514913559
float 0.0289950370789 0.0468709468842 0.351128101349
complex 0.269117116928 0.0515279769897 1.62624287605
decode
None 0.0318078994751 0.0917129516602 0.466781139374
bool 0.0328090190887 0.095782995224 0.467802047729
1 0.0337479114532 0.114821910858 0.511790990829
2 0.0345740318298 0.117806911469 0.536213874817
3 0.0346639156342 0.117305994034 0.546354055405
4 0.0345330238342 0.118384838104 0.538820028305
5 0.0428750514984 0.116829156876 0.625390052795
6 0.0455119609833 0.118320941925 0.608422994614
7 0.045089006424 0.116753101349 0.618291139603
8 0.0445091724396 0.117900133133 0.619200944901
16 0.0378589630127 0.227229118347 0.693433046341
float 0.034441947937 0.115860939026 0.539827108383
complex 0.102648973465 0.138229131699 1.13047099113
